::1 - - [18/Aug/2025:02:24:05 +0000] "GET / HTTP/1.1" 200 18 "-" "PostmanRuntime/7.45.0"
::1 - - [18/Aug/2025:02:24:05 +0000] "GET / HTTP/1.1" 200 18 "-" "PostmanRuntime/7.45.0"
::1 - - [18/Aug/2025:02:24:06 +0000] "GET / HTTP/1.1" 200 18 "-" "PostmanRuntime/7.45.0"
::1 - - [18/Aug/2025:02:24:06 +0000] "GET / HTTP/1.1" 200 18 "-" "PostmanRuntime/7.45.0"
::1 - - [18/Aug/2025:02:24:07 +0000] "GET / HTTP/1.1" 200 18 "-" "PostmanRuntime/7.45.0"
::1 - - [18/Aug/2025:02:24:07 +0000] "GET / HTTP/1.1" 200 18 "-" "PostmanRuntime/7.45.0"
::1 - - [18/Aug/2025:02:32:00 +0000] "GET / HTTP/1.1" 200 18 "-" "PostmanRuntime/7.45.0"
::1 - - [18/Aug/2025:02:32:02 +0000] "GET / HTTP/1.1" 200 18 "-" "PostmanRuntime/7.45.0"
::1 - - [18/Aug/2025:02:32:08 +0000] "GET /hatsune-miku HTTP/1.1" 200 2 "-" "PostmanRuntime/7.45.0"
::1 - - [18/Aug/2025:02:32:14 +0000] "GET /hatsune-miku/1 HTTP/1.1" 404 21 "-" "PostmanRuntime/7.45.0"
::1 - - [18/Aug/2025:02:38:29 +0000] "GET /hatsune-miku/1 HTTP/1.1" 404 21 "-" "PostmanRuntime/7.45.0"
::1 - - [19/Aug/2025:00:41:20 +0000] "GET /api/ HTTP/1.1" 404 143 "-" "PostmanRuntime/7.45.0"
::1 - - [19/Aug/2025:00:42:03 +0000] "GET /api/ HTTP/1.1" 404 143 "-" "PostmanRuntime/7.45.0"
::1 - - [19/Aug/2025:00:42:20 +0000] "GET /api/ HTTP/1.1" 404 143 "-" "PostmanRuntime/7.45.0"
::1 - - [19/Aug/2025:00:42:22 +0000] "GET /api HTTP/1.1" 404 142 "-" "PostmanRuntime/7.45.0"
::1 - - [19/Aug/2025:00:42:24 +0000] "GET /api HTTP/1.1" 404 142 "-" "PostmanRuntime/7.45.0"
::1 - - [19/Aug/2025:00:48:39 +0000] "GET /api HTTP/1.1" 404 142 "-" "PostmanRuntime/7.45.0"
::1 - - [19/Aug/2025:00:48:45 +0000] "GET /splat HTTP/1.1" 404 144 "-" "PostmanRuntime/7.45.0"
::1 - - [19/Aug/2025:00:48:53 +0000] "GET /api/kaiju HTTP/1.1" 404 148 "-" "PostmanRuntime/7.45.0"
::1 - - [19/Aug/2025:00:53:47 +0000] "GET /yashiro HTTP/1.1" 404 146 "-" "PostmanRuntime/7.45.0"
::1 - - [19/Aug/2025:00:53:49 +0000] "GET /yashiro HTTP/1.1" 404 146 "-" "PostmanRuntime/7.45.0"
::1 - - [19/Aug/2025:00:56:07 +0000] "GET /yashiro HTTP/1.1" 200 - "-" "PostmanRuntime/7.45.0"
::1 - - [19/Aug/2025:00:56:30 +0000] "PATCH /yashiro HTTP/1.1" 200 - "-" "PostmanRuntime/7.45.0"
::1 - - [19/Aug/2025:01:11:52 +0000] "PATCH /innosence HTTP/1.1" 404 150 "-" "PostmanRuntime/7.45.0"
::1 - - [19/Aug/2025:01:12:07 +0000] "PATCH /innocense HTTP/1.1" 404 150 "-" "PostmanRuntime/7.45.0"
::1 - - [19/Aug/2025:01:12:08 +0000] "PATCH /innocense HTTP/1.1" 404 150 "-" "PostmanRuntime/7.45.0"
::1 - - [19/Aug/2025:01:12:30 +0000] "PATCH /admin HTTP/1.1" 200 20 "-" "PostmanRuntime/7.45.0"
::1 - - [19/Aug/2025:01:18:10 +0000] "PATCH /admin/create HTTP/1.1" 404 153 "-" "PostmanRuntime/7.45.0"
::1 - - [19/Aug/2025:01:31:22 +0000] "PATCH /links HTTP/1.1" 404 146 "-" "PostmanRuntime/7.45.0"
::1 - - [19/Aug/2025:23:18:09 +0000] "GET /lasah HTTP/1.1" 200 11 "-" "PostmanRuntime/7.45.0"
::1 - - [19/Aug/2025:23:21:29 +0000] "GET /foo HTTP/1.1" 404 142 "-" "PostmanRuntime/7.45.0"
::1 - - [19/Aug/2025:23:21:43 +0000] "GET /lasah HTTP/1.1" 200 11 "-" "PostmanRuntime/7.45.0"
::1 - - [19/Aug/2025:23:22:03 +0000] "GET /lasah HTTP/1.1" 200 11 "-" "PostmanRuntime/7.45.0"
::1 - - [19/Aug/2025:23:22:04 +0000] "GET /lasah HTTP/1.1" 200 11 "-" "PostmanRuntime/7.45.0"
::1 - - [19/Aug/2025:23:22:07 +0000] "GET /foo HTTP/1.1" 404 142 "-" "PostmanRuntime/7.45.0"
::1 - - [19/Aug/2025:23:22:08 +0000] "GET /foo HTTP/1.1" 404 142 "-" "PostmanRuntime/7.45.0"
::1 - - [19/Aug/2025:23:43:25 +0000] "GET /foo HTTP/1.1" 404 142 "-" "PostmanRuntime/7.45.0"
::1 - - [19/Aug/2025:23:44:22 +0000] "GET /foo HTTP/1.1" 200 3 "-" "PostmanRuntime/7.45.0"
::1 - - [19/Aug/2025:23:45:18 +0000] "GET /foo HTTP/1.1" 500 1278 "-" "PostmanRuntime/7.45.0"
::1 - - [19/Aug/2025:23:45:28 +0000] "GET /foo HTTP/1.1" 500 1248 "-" "PostmanRuntime/7.45.0"
::1 - - [19/Aug/2025:23:45:29 +0000] "GET /foo HTTP/1.1" 500 1248 "-" "PostmanRuntime/7.45.0"
::1 - - [19/Aug/2025:23:45:59 +0000] "GET /foo HTTP/1.1" 404 142 "-" "PostmanRuntime/7.45.0"
::1 - - [20/Aug/2025:00:01:07 +0000] "GET /user/42 HTTP/1.1" 200 - "-" "PostmanRuntime/7.45.0"
::1 - - [20/Aug/2025:00:01:31 +0000] "GET /user/42 HTTP/1.1" 500 1302 "-" "PostmanRuntime/7.45.0"
::1 - - [20/Aug/2025:00:01:48 +0000] "GET /user/42 HTTP/1.1" 200 - "-" "PostmanRuntime/7.45.0"
::1 - - [20/Aug/2025:00:09:26 +0000] "GET /user/42 HTTP/1.1" 200 - "-" "PostmanRuntime/7.45.0"
::1 - - [20/Aug/2025:00:12:33 +0000] "GET /user/42 HTTP/1.1" 200 26 "-" "PostmanRuntime/7.45.0"
::1 - - [20/Aug/2025:00:17:30 +0000] "GET /posts/1 HTTP/1.1" 200 36 "-" "PostmanRuntime/7.45.0"
::1 - - [20/Aug/2025:00:17:35 +0000] "GET /posts/4 HTTP/1.1" 200 36 "-" "PostmanRuntime/7.45.0"
::1 - - [20/Aug/2025:00:52:56 +0000] "GET /posts/4 HTTP/1.1" 200 39 "-" "PostmanRuntime/7.45.0"
::1 - - [20/Aug/2025:00:53:02 +0000] "PUT /posts/4 HTTP/1.1" 200 36 "-" "PostmanRuntime/7.45.0"
::1 - - [20/Aug/2025:00:53:06 +0000] "DELETE /posts/4 HTTP/1.1" 500 1265 "-" "PostmanRuntime/7.45.0"
